<?xml version="1.0" encoding="UTF-8"?>
<testsuite name="com.serenity.serenity.SW" time="107.009" tests="9" errors="0" skipped="0" failures="0">
  <properties>
[...]
</properties>
  <testcase name="BeforeStories" classname="java.lang.Object" time="0.023"/>
  <testcase name="Given the user is on the ScoreTwice home page" classname="com.serenity.serenity.steps.ScoreTwiceDefinitionSteps" time="23.846"/>
  <testcase name="When user login userEmail = &apos;vania_gyeo6eva@abv.bg&apos;, userPassword = &apos;VanyaGyosheva12&apos;" classname="com.serenity.serenity.steps.ScoreTwiceDefinitionSteps" time="57.411"/>
  <testcase name="Then the user search for  &apos;dress&apos;" classname="com.serenity.serenity.steps.ScoreTwiceDefinitionSteps" time="10.214"/>
  <testcase name="Then they should see all the results &apos;ЦЕНА&apos;" classname="com.serenity.serenity.steps.ScoreTwiceDefinitionSteps" time="5.127"/>
  <testcase name="Then user should add product" classname="com.serenity.serenity.steps.ScoreTwiceDefinitionSteps" time="1.799"/>
  <testcase name="Scenario: Search for &apos;dress&apos;" classname="Scenario: Search for &apos;dress&apos;" time="1.85"/>
  <testcase name="SW.story" classname="SW.story" time="2.675"/>
  <testcase name="AfterStories" classname="java.lang.Object" time="4.064"/>
</testsuite>