<?xml version="1.0" encoding="UTF-8"?>
<!-- Generated by org.testng.reporters.JUnitXMLReporter -->
<testsuite hostname="VGYOSHEVA" name="Command line test" tests="4" failures="0" timestamp="27 Jan 2017 15:29:18 GMT" time="0.114" errors="0">
  <testcase name="@BeforeTest setUp" time="0.0" classname="bg.pragmatic.datadriven.TestNGDDT">
    <failure type="java.lang.IllegalStateException" message="The driver executable does not exist: D:\drivers\geckodriver.exe">
      <![CDATA[java.lang.IllegalStateException: The driver executable does not exist: D:\drivers\geckodriver.exe
	at com.google.common.base.Preconditions.checkState(Preconditions.java:199)
	at org.openqa.selenium.remote.service.DriverService.checkExecutable(DriverService.java:121)
	at org.openqa.selenium.remote.service.DriverService.findExecutable(DriverService.java:116)
	at org.openqa.selenium.firefox.GeckoDriverService.access$000(GeckoDriverService.java:37)
	at org.openqa.selenium.firefox.GeckoDriverService$Builder.findDefaultExecutable(GeckoDriverService.java:95)
	at org.openqa.selenium.remote.service.DriverService$Builder.build(DriverService.java:296)
	at org.openqa.selenium.firefox.FirefoxDriver.createCommandExecutor(FirefoxDriver.java:277)
	at org.openqa.selenium.firefox.FirefoxDriver.<init>(FirefoxDriver.java:247)
	at org.openqa.selenium.firefox.FirefoxDriver.<init>(FirefoxDriver.java:242)
	at org.openqa.selenium.firefox.FirefoxDriver.<init>(FirefoxDriver.java:238)
	at org.openqa.selenium.firefox.FirefoxDriver.<init>(FirefoxDriver.java:127)
	at bg.pragmatic.datadriven.TestNGDDT.setUp(TestNGDDT.java:28)
... Removed 31 stack frames]]>
    </failure>
  </testcase> <!-- @BeforeTest setUp -->
  <testcase name="@AfterTest tearDown" time="0.0" classname="bg.pragmatic.datadriven.TestNGDDT">
    <skipped/>
  </testcase> <!-- @AfterTest tearDown -->
  <testcase name="testBMICalculator" time="0.001" classname="bg.pragmatic.datadriven.TestNGDDT">
    <skipped/>
  </testcase> <!-- testBMICalculator -->
  <testcase name="testBMICalculator" time="0.0" classname="bg.pragmatic.datadriven.TestNGDDT">
    <skipped/>
  </testcase> <!-- testBMICalculator -->
  <testcase name="testBMICalculator" time="0.001" classname="bg.pragmatic.datadriven.TestNGDDT">
    <skipped/>
  </testcase> <!-- testBMICalculator -->
  <testcase name="testBMICalculator" time="0.0" classname="bg.pragmatic.datadriven.TestNGDDT">
    <skipped/>
  </testcase> <!-- testBMICalculator -->
</testsuite> <!-- Command line test -->
