<?xml version="1.0" encoding="UTF-8"?>
<!-- Generated by org.testng.reporters.JUnitXMLReporter -->
<testsuite hostname="DESKTOP-GQUOU22" name="Default test" tests="4" failures="0" timestamp="2 Nov 2016 17:52:47 GMT" time="8.899" errors="0">
  <testcase name="testBMICalculator" time="0.206" classname="bg.pragmatic.datadriven.TestNGDDT"/>
  <testcase name="testBMICalculator" time="0.151" classname="bg.pragmatic.datadriven.TestNGDDT"/>
  <testcase name="testBMICalculator" time="0.142" classname="bg.pragmatic.datadriven.TestNGDDT"/>
  <testcase name="testBMICalculator" time="0.138" classname="bg.pragmatic.datadriven.TestNGDDT"/>
</testsuite> <!-- Default test -->
