<?xml version="1.0" encoding="UTF-8" ?>
<testsuite tests="6" failures="1" name="bg.pragmatic.datadriven.TestNGDDT" time="0.916" errors="0" skipped="5">
  <properties>
[...]
</properties>
  <testcase classname="bg.pragmatic.datadriven.TestNGDDT" name="setUp" time="0.91">
    <failure message="The driver executable does not exist: D:\drivers\geckodriver.exe" type="java.lang.IllegalStateException">java.lang.IllegalStateException: The driver executable does not exist: D:\drivers\geckodriver.exe
	at com.google.common.base.Preconditions.checkState(Preconditions.java:199)
	at org.openqa.selenium.remote.service.DriverService.checkExecutable(DriverService.java:121)
	at org.openqa.selenium.remote.service.DriverService.findExecutable(DriverService.java:116)
	at org.openqa.selenium.firefox.GeckoDriverService.access$000(GeckoDriverService.java:37)
	at org.openqa.selenium.firefox.GeckoDriverService$Builder.findDefaultExecutable(GeckoDriverService.java:95)
	at org.openqa.selenium.remote.service.DriverService$Builder.build(DriverService.java:296)
	at org.openqa.selenium.firefox.FirefoxDriver.createCommandExecutor(FirefoxDriver.java:277)
	at org.openqa.selenium.firefox.FirefoxDriver.&lt;init&gt;(FirefoxDriver.java:247)
	at org.openqa.selenium.firefox.FirefoxDriver.&lt;init&gt;(FirefoxDriver.java:242)
	at org.openqa.selenium.firefox.FirefoxDriver.&lt;init&gt;(FirefoxDriver.java:238)
	at org.openqa.selenium.firefox.FirefoxDriver.&lt;init&gt;(FirefoxDriver.java:127)
	at bg.pragmatic.datadriven.TestNGDDT.setUp(TestNGDDT.java:28)
</failure>
    <system-out>Configuring TestNG with: org.apache.maven.surefire.testng.conf.TestNG652Configurator@4361bd48
</system-out>
  </testcase>
  <testcase classname="bg.pragmatic.datadriven.TestNGDDT" name="testBMICalculator" time="0">
    <skipped/>
  </testcase>
  <testcase classname="bg.pragmatic.datadriven.TestNGDDT" name="testBMICalculator" time="0.006">
    <skipped/>
  </testcase>
  <testcase classname="bg.pragmatic.datadriven.TestNGDDT" name="testBMICalculator" time="0">
    <skipped/>
  </testcase>
  <testcase classname="bg.pragmatic.datadriven.TestNGDDT" name="testBMICalculator" time="0">
    <skipped/>
  </testcase>
  <testcase classname="bg.pragmatic.datadriven.TestNGDDT" name="tearDown" time="0">
    <skipped/>
  </testcase>
</testsuite>