<?xml version="1.0" encoding="UTF-8"?>
<testng-results skipped="0" failed="0" total="4" passed="4">
  <reporter-output>
  </reporter-output>
  <suite name="Default suite" duration-ms="8899" started-at="2016-11-02T17:52:38Z" finished-at="2016-11-02T17:52:47Z">
    <groups>
    </groups>
    <test name="Default test" duration-ms="8899" started-at="2016-11-02T17:52:38Z" finished-at="2016-11-02T17:52:47Z">
      <class name="bg.pragmatic.datadriven.TestNGDDT">
        <test-method status="PASS" signature="setUp()[pri:0, instance:bg.pragmatic.datadriven.TestNGDDT@3ffc5af1]" name="setUp" is-config="true" duration-ms="6775" started-at="2016-11-02T19:52:38Z" finished-at="2016-11-02T19:52:45Z">
          <reporter-output>
          </reporter-output>
        </test-method> <!-- setUp -->
        <test-method status="PASS" signature="testBMICalculator(java.lang.String, java.lang.String, java.lang.String, java.lang.String)[pri:0, instance:bg.pragmatic.datadriven.TestNGDDT@3ffc5af1]" name="testBMICalculator" duration-ms="206" started-at="2016-11-02T19:52:45Z" data-provider="testData" finished-at="2016-11-02T19:52:45Z">
          <params>
            <param index="0">
              <value>
                <![CDATA[160]]>
              </value>
            </param>
            <param index="1">
              <value>
                <![CDATA[45]]>
              </value>
            </param>
            <param index="2">
              <value>
                <![CDATA[17.6]]>
              </value>
            </param>
            <param index="3">
              <value>
                <![CDATA[Underweight]]>
              </value>
            </param>
          </params>
          <reporter-output>
          </reporter-output>
        </test-method> <!-- testBMICalculator -->
        <test-method status="PASS" signature="testBMICalculator(java.lang.String, java.lang.String, java.lang.String, java.lang.String)[pri:0, instance:bg.pragmatic.datadriven.TestNGDDT@3ffc5af1]" name="testBMICalculator" duration-ms="151" started-at="2016-11-02T19:52:45Z" data-provider="testData" finished-at="2016-11-02T19:52:45Z">
          <params>
            <param index="0">
              <value>
                <![CDATA[168]]>
              </value>
            </param>
            <param index="1">
              <value>
                <![CDATA[70]]>
              </value>
            </param>
            <param index="2">
              <value>
                <![CDATA[24.8]]>
              </value>
            </param>
            <param index="3">
              <value>
                <![CDATA[Normal]]>
              </value>
            </param>
          </params>
          <reporter-output>
          </reporter-output>
        </test-method> <!-- testBMICalculator -->
        <test-method status="PASS" signature="testBMICalculator(java.lang.String, java.lang.String, java.lang.String, java.lang.String)[pri:0, instance:bg.pragmatic.datadriven.TestNGDDT@3ffc5af1]" name="testBMICalculator" duration-ms="142" started-at="2016-11-02T19:52:45Z" data-provider="testData" finished-at="2016-11-02T19:52:45Z">
          <params>
            <param index="0">
              <value>
                <![CDATA[181]]>
              </value>
            </param>
            <param index="1">
              <value>
                <![CDATA[89]]>
              </value>
            </param>
            <param index="2">
              <value>
                <![CDATA[27.2]]>
              </value>
            </param>
            <param index="3">
              <value>
                <![CDATA[Overweight]]>
              </value>
            </param>
          </params>
          <reporter-output>
          </reporter-output>
        </test-method> <!-- testBMICalculator -->
        <test-method status="PASS" signature="testBMICalculator(java.lang.String, java.lang.String, java.lang.String, java.lang.String)[pri:0, instance:bg.pragmatic.datadriven.TestNGDDT@3ffc5af1]" name="testBMICalculator" duration-ms="138" started-at="2016-11-02T19:52:45Z" data-provider="testData" finished-at="2016-11-02T19:52:45Z">
          <params>
            <param index="0">
              <value>
                <![CDATA[178]]>
              </value>
            </param>
            <param index="1">
              <value>
                <![CDATA[100]]>
              </value>
            </param>
            <param index="2">
              <value>
                <![CDATA[31.6]]>
              </value>
            </param>
            <param index="3">
              <value>
                <![CDATA[Obesity]]>
              </value>
            </param>
          </params>
          <reporter-output>
          </reporter-output>
        </test-method> <!-- testBMICalculator -->
        <test-method status="PASS" signature="tearDown()[pri:0, instance:bg.pragmatic.datadriven.TestNGDDT@3ffc5af1]" name="tearDown" is-config="true" duration-ms="1470" started-at="2016-11-02T19:52:45Z" finished-at="2016-11-02T19:52:47Z">
          <reporter-output>
          </reporter-output>
        </test-method> <!-- tearDown -->
      </class> <!-- bg.pragmatic.datadriven.TestNGDDT -->
    </test> <!-- Default test -->
  </suite> <!-- Default suite -->
</testng-results>
